2025-09-10 13:05:42 - spektroskopi - INFO - Spektroskopi uygulaması başlatılıyor...
2025-09-10 13:05:42 - spektroskopi - INFO - 1 formül içe aktarıldı
2025-09-10 13:05:42 - spektroskopi - INFO - Uygulama başlangıcında formüller yüklendi: 1
2025-09-10 13:05:42 - spektroskopi - INFO - 1 formül içe aktarıldı
2025-09-10 13:05:42 - spektroskopi - INFO - Uygulama başlangıcında formüller yüklendi: 1
2025-09-10 13:05:42 - spektroskopi - INFO - Uygulama ayarları yüklendi
2025-09-10 13:05:42 - spektroskopi - INFO - Sol panel dark theme uygulandı - 12 widget güncellendi
2025-09-10 13:05:42 - spektroskopi - INFO - Sensör bilgileri güncellendi
2025-09-10 13:05:42 - spektroskopi - INFO - Otomatik bağlantı başlatılıyor...
2025-09-10 13:05:42 - spektroskopi - INFO - Ana GUI başlatıldı
2025-09-10 13:05:42 - spektroskopi - INFO - Sol panel dark theme uygulandı - 12 widget güncellendi
2025-09-10 13:05:43 - spektroskopi - INFO - Sol panel dark theme uygulandı - 12 widget güncellendi
2025-09-10 13:05:43 - spektroskopi - INFO - Formül hesaplama tamamlandı: 1 formül, 2 iterasyon
2025-09-10 13:05:43 - spektroskopi - INFO - Sol panel dark theme uygulandı - 12 widget güncellendi
2025-09-10 13:05:43 - spektroskopi - INFO - Formül hesaplama tamamlandı: 1 formül, 2 iterasyon
2025-09-10 13:05:43 - spektroskopi - INFO - BLE tarama başlatılıyor (timeout: 10.0s)
2025-09-10 13:05:44 - spektroskopi - INFO - Formül hesaplama tamamlandı: 1 formül, 2 iterasyon
2025-09-10 13:05:44 - spektroskopi - INFO - Formül hesaplama tamamlandı: 1 formül, 2 iterasyon
2025-09-10 13:08:04 - spektroskopi - INFO - Spektroskopi uygulaması başlatılıyor...
2025-09-10 13:08:04 - spektroskopi - INFO - 1 formül içe aktarıldı
2025-09-10 13:08:04 - spektroskopi - INFO - Uygulama başlangıcında formüller yüklendi: 1
2025-09-10 13:08:04 - spektroskopi - INFO - 1 formül içe aktarıldı
2025-09-10 13:08:04 - spektroskopi - INFO - Uygulama başlangıcında formüller yüklendi: 1
2025-09-10 13:08:04 - spektroskopi - INFO - Uygulama ayarları yüklendi
2025-09-10 13:08:04 - spektroskopi - INFO - Sol panel dark theme uygulandı - 12 widget güncellendi
2025-09-10 13:08:04 - spektroskopi - INFO - Sensör bilgileri güncellendi
2025-09-10 13:08:04 - spektroskopi - INFO - Otomatik bağlantı başlatılıyor...
2025-09-10 13:08:04 - spektroskopi - INFO - Ana GUI başlatıldı
2025-09-10 13:08:05 - spektroskopi - INFO - Sol panel dark theme uygulandı - 12 widget güncellendi
2025-09-10 13:08:05 - spektroskopi - INFO - Sol panel dark theme uygulandı - 12 widget güncellendi
2025-09-10 13:08:05 - spektroskopi - INFO - Sol panel dark theme uygulandı - 12 widget güncellendi
2025-09-10 13:08:05 - spektroskopi - INFO - Formül hesaplama tamamlandı: 1 formül, 2 iterasyon
2025-09-10 13:08:05 - spektroskopi - INFO - BLE tarama başlatılıyor (timeout: 10.0s)
2025-09-10 13:08:06 - spektroskopi - INFO - Formül hesaplama tamamlandı: 1 formül, 2 iterasyon
2025-09-10 13:08:06 - spektroskopi - INFO - Formül hesaplama tamamlandı: 1 formül, 2 iterasyon
2025-09-10 13:08:07 - spektroskopi - INFO - Formül hesaplama tamamlandı: 1 formül, 2 iterasyon
2025-09-10 13:08:07 - spektroskopi - INFO - Formül hesaplama tamamlandı: 1 formül, 2 iterasyon
2025-09-10 13:08:08 - spektroskopi - INFO - Formül hesaplama tamamlandı: 1 formül, 2 iterasyon
2025-09-10 13:08:08 - spektroskopi - INFO - Formül hesaplama tamamlandı: 1 formül, 2 iterasyon
2025-09-10 13:08:09 - spektroskopi - INFO - Formül hesaplama tamamlandı: 1 formül, 2 iterasyon
2025-09-10 13:08:09 - spektroskopi - INFO - Formül hesaplama tamamlandı: 1 formül, 2 iterasyon
2025-09-10 13:08:10 - spektroskopi - INFO - Formül hesaplama tamamlandı: 1 formül, 2 iterasyon
2025-09-10 13:08:10 - spektroskopi - INFO - Formül hesaplama tamamlandı: 1 formül, 2 iterasyon
2025-09-10 13:08:11 - spektroskopi - INFO - Formül hesaplama tamamlandı: 1 formül, 2 iterasyon
2025-09-10 13:08:11 - spektroskopi - INFO - Formül hesaplama tamamlandı: 1 formül, 2 iterasyon
2025-09-10 13:08:12 - spektroskopi - INFO - Formül hesaplama tamamlandı: 1 formül, 2 iterasyon
2025-09-10 13:08:12 - spektroskopi - INFO - Formül hesaplama tamamlandı: 1 formül, 2 iterasyon
2025-09-10 13:08:13 - spektroskopi - INFO - Formül hesaplama tamamlandı: 1 formül, 2 iterasyon
2025-09-10 13:08:13 - spektroskopi - INFO - Formül hesaplama tamamlandı: 1 formül, 2 iterasyon
2025-09-10 13:08:14 - spektroskopi - INFO - Formül hesaplama tamamlandı: 1 formül, 2 iterasyon
2025-09-10 13:08:14 - spektroskopi - INFO - Formül hesaplama tamamlandı: 1 formül, 2 iterasyon
